{"level":"error","message":"db connected failed MongoParseError: Invalid connection string"}
{"level":"info","message":"db connected"}
{"level":"info","message":"db connected"}
{"level":"info","message":"db connected"}
{"level":"info","message":"db connected"}
{"level":"info","message":"db connected"}
{"level":"info","message":"db connected"}
{"level":"info","message":"db connected"}
{"level":"info","message":"db connected"}
{"level":"info","message":"db connected"}
{"level":"info","message":"db connected"}
{"level":"info","message":"db connected"}
{"level":"info","message":"db connected"}
{"level":"info","message":"db connected"}
{"level":"info","message":"db connected"}
{"level":"info","message":"db connected"}
{"level":"info","message":"db connected"}
{"level":"info","message":"db connected"}
{"level":"info","message":"db connected"}
{"level":"info","message":"db connected"}
{"level":"info","message":"db connected"}
{"level":"info","message":"db connected"}
{"level":"info","message":"db connected"}
{"level":"info","message":"db connected"}
{"level":"info","message":"db connected"}
{"level":"info","message":"db connected"}
{"level":"info","message":"db connected"}
{"level":"info","message":"db connected"}
{"level":"info","message":"db connected"}
{"level":"info","message":"db connected"}
{"level":"info","message":"db connected"}
{"level":"info","message":"db connected"}
{"level":"info","message":"db connected"}
{"level":"info","message":"db connected"}
{"level":"info","message":"db connected"}
{"level":"info","message":"db connected"}
{"level":"info","message":"db connected"}
{"level":"info","message":"db connected"}
{"level":"info","message":"db connected"}
{"level":"info","message":"db connected"}
{"level":"info","message":"db connected"}
{"level":"info","message":"db connected"}
{"level":"info","message":"db connected"}
{"level":"info","message":"db connected"}
{"level":"info","message":"db connected"}
{"level":"info","message":"db connected"}
{"level":"info","message":"db connected"}
{"level":"info","message":"db connected"}
{"level":"info","message":"db connected"}
{"level":"info","message":"db connected"}
{"level":"info","message":"db connected"}
{"level":"info","message":"db connected"}
{"level":"info","message":"db connected"}
{"level":"info","message":"db connected"}
{"level":"info","message":"db connected"}
{"level":"info","message":"db connected"}
{"level":"info","message":"db connected"}
{"level":"info","message":"db connected"}
{"level":"info","message":"db connected"}
{"level":"info","message":"db connected"}
{"level":"info","message":"db connected"}
{"level":"info","message":"db connected"}
{"level":"info","message":"db connected"}
{"level":"info","message":"db connected"}
{"level":"error","message":"helpers.sendResponse is not a function"}
{"level":"error","message":"helpers.sendResponse is not a function"}
{"level":"error","message":"helpers.sendResponse is not a function"}
{"level":"info","message":"db connected"}
{"level":"error","message":"RestaurantModel.find is not a function"}
{"level":"error","message":"RestaurantModel.find is not a function"}
{"level":"info","message":"db connected"}
{"level":"info","message":"db connected"}
{"level":"error","message":"helpers.sendResponse is not a function helpers.sendResponse is not a function","stack":"TypeError: helpers.sendResponse is not a function\n    at default_1 (E:\\food\\app\\middlewares\\validator.ts:17:20)\n    at Layer.handle [as handle_request] (E:\\food\\node_modules\\express\\lib\\router\\layer.js:95:5)\n    at next (E:\\food\\node_modules\\express\\lib\\router\\route.js:144:13)\n    at middleware (E:\\food\\node_modules\\express-validator\\src\\middlewares\\check.js:16:13)\n    at runMicrotasks (<anonymous>)\n    at processTicksAndRejections (node:internal/process/task_queues:96:5)"}
{"level":"info","message":"db connected"}
{"level":"info","message":"db connected"}
{"level":"info","message":"db connected"}
{"level":"info","message":"db connected"}
{"level":"error","message":"UserModel.findOne is not a function"}
{"level":"info","message":"db connected"}
{"level":"info","message":"db connected"}
{"level":"info","message":"db connected"}
{"level":"info","message":"db connected"}
{"level":"info","message":"db connected"}
{"level":"info","message":"db connected"}
{"level":"info","message":"db connected"}
{"level":"info","message":"db connected"}
{"level":"info","message":"db connected"}
{"level":"info","message":"db connected"}
{"level":"info","message":"db connected"}
{"level":"info","message":"db connected"}
{"level":"info","message":"db connected"}
{"level":"info","message":"db connected"}
{"level":"info","message":"db connected"}
{"level":"info","message":"db connected"}
{"level":"info","message":"db connected"}
{"level":"info","message":"db connected"}
{"level":"info","message":"db connected"}
{"level":"info","message":"db connected"}
{"level":"info","message":"db connected"}
{"level":"info","message":"db connected"}
{"level":"info","message":"db connected"}
{"level":"info","message":"db connected"}
{"level":"info","message":"db connected"}
{"level":"info","message":"db connected"}
{"level":"error","message":"db connected failed MongooseServerSelectionError: connect ECONNREFUSED 127.0.0.1:27017"}
{"level":"error","message":"Operation `restaurants.find()` buffering timed out after 10000ms"}
{"level":"error","message":"Operation `restaurants.find()` buffering timed out after 10000ms"}
{"level":"info","message":"db connected"}
{"level":"info","message":"db connected"}
{"level":"info","message":"db connected"}
{"level":"info","message":"db connected"}
{"level":"info","message":"db connected"}
{"level":"info","message":"db connected"}
{"level":"info","message":"db connected"}
{"level":"info","message":"db connected"}
{"level":"info","message":"db connected"}
{"level":"info","message":"db connected"}
{"level":"info","message":"db connected"}
{"level":"info","message":"db connected"}
{"level":"info","message":"db connected"}
{"level":"info","message":"db connected"}
{"level":"info","message":"db connected"}
{"level":"info","message":"db connected"}
{"level":"info","message":"db connected"}
{"level":"info","message":"db connected"}
{"level":"info","message":"db connected"}
{"level":"info","message":"db connected"}
{"level":"info","message":"db connected"}
{"level":"info","message":"db connected"}
{"level":"error","message":"helpers.sendResponse is not a function helpers.sendResponse is not a function","stack":"TypeError: helpers.sendResponse is not a function\n    at checkRefreshToken (E:\\food\\app\\middlewares\\auth.ts:9:39)\n    at Layer.handle [as handle_request] (E:\\food\\node_modules\\express\\lib\\router\\layer.js:95:5)\n    at next (E:\\food\\node_modules\\express\\lib\\router\\route.js:144:13)\n    at multerMiddleware (E:\\food\\node_modules\\multer\\lib\\make-middleware.js:13:41)\n    at Layer.handle [as handle_request] (E:\\food\\node_modules\\express\\lib\\router\\layer.js:95:5)\n    at next (E:\\food\\node_modules\\express\\lib\\router\\route.js:144:13)\n    at Route.dispatch (E:\\food\\node_modules\\express\\lib\\router\\route.js:114:3)\n    at Layer.handle [as handle_request] (E:\\food\\node_modules\\express\\lib\\router\\layer.js:95:5)\n    at E:\\food\\node_modules\\express\\lib\\router\\index.js:284:15\n    at Function.process_params (E:\\food\\node_modules\\express\\lib\\router\\index.js:346:12)\n    at next (E:\\food\\node_modules\\express\\lib\\router\\index.js:280:10)\n    at Function.handle (E:\\food\\node_modules\\express\\lib\\router\\index.js:175:3)\n    at router (E:\\food\\node_modules\\express\\lib\\router\\index.js:47:12)\n    at Layer.handle [as handle_request] (E:\\food\\node_modules\\express\\lib\\router\\layer.js:95:5)\n    at trim_prefix (E:\\food\\node_modules\\express\\lib\\router\\index.js:328:13)\n    at E:\\food\\node_modules\\express\\lib\\router\\index.js:286:9"}
{"level":"info","message":"db connected"}
{"level":"info","message":"db connected"}
{"level":"info","message":"db connected"}
{"level":"error","message":"food validation failed: price: Path `price` is required."}
{"level":"info","message":"db connected"}
{"level":"info","message":"db connected"}
{"level":"error","message":"food validation failed: price: Path `price` is required."}
{"level":"info","message":"db connected"}
{"level":"info","message":"db connected"}
{"code":"LIMIT_UNEXPECTED_FILE","field":"images[0]","level":"error","message":"Unexpected field Unexpected field","name":"MulterError","stack":"MulterError: Unexpected field\n    at wrappedFileFilter (E:\\food\\node_modules\\multer\\index.js:40:19)\n    at Multipart.<anonymous> (E:\\food\\node_modules\\multer\\lib\\make-middleware.js:107:7)\n    at Multipart.emit (node:events:514:28)\n    at Multipart.emit (node:domain:488:12)\n    at HeaderParser.cb (E:\\food\\node_modules\\busboy\\lib\\types\\multipart.js:358:14)\n    at HeaderParser.push (E:\\food\\node_modules\\busboy\\lib\\types\\multipart.js:162:20)\n    at SBMH.ssCb [as _cb] (E:\\food\\node_modules\\busboy\\lib\\types\\multipart.js:394:37)\n    at feed (E:\\food\\node_modules\\streamsearch\\lib\\sbmh.js:248:10)\n    at SBMH.push (E:\\food\\node_modules\\streamsearch\\lib\\sbmh.js:104:16)\n    at Multipart._write (E:\\food\\node_modules\\busboy\\lib\\types\\multipart.js:567:19)\n    at writeOrBuffer (node:internal/streams/writable:447:12)\n    at _write (node:internal/streams/writable:389:10)\n    at Multipart.Writable.write (node:internal/streams/writable:393:10)\n    at IncomingMessage.ondata (node:internal/streams/readable:817:22)\n    at IncomingMessage.emit (node:events:514:28)\n    at IncomingMessage.emit (node:domain:488:12)","storageErrors":[]}
{"level":"info","message":"db connected"}
{"code":"LIMIT_UNEXPECTED_FILE","field":"images[0]","level":"error","message":"Unexpected field Unexpected field","name":"MulterError","stack":"MulterError: Unexpected field\n    at wrappedFileFilter (E:\\food\\node_modules\\multer\\index.js:40:19)\n    at Multipart.<anonymous> (E:\\food\\node_modules\\multer\\lib\\make-middleware.js:107:7)\n    at Multipart.emit (node:events:514:28)\n    at Multipart.emit (node:domain:488:12)\n    at HeaderParser.cb (E:\\food\\node_modules\\busboy\\lib\\types\\multipart.js:358:14)\n    at HeaderParser.push (E:\\food\\node_modules\\busboy\\lib\\types\\multipart.js:162:20)\n    at SBMH.ssCb [as _cb] (E:\\food\\node_modules\\busboy\\lib\\types\\multipart.js:394:37)\n    at feed (E:\\food\\node_modules\\streamsearch\\lib\\sbmh.js:219:14)\n    at SBMH.push (E:\\food\\node_modules\\streamsearch\\lib\\sbmh.js:104:16)\n    at Multipart._write (E:\\food\\node_modules\\busboy\\lib\\types\\multipart.js:567:19)\n    at writeOrBuffer (node:internal/streams/writable:447:12)\n    at _write (node:internal/streams/writable:389:10)\n    at Multipart.Writable.write (node:internal/streams/writable:393:10)\n    at IncomingMessage.ondata (node:internal/streams/readable:817:22)\n    at IncomingMessage.emit (node:events:514:28)\n    at IncomingMessage.emit (node:domain:488:12)","storageErrors":[]}
{"level":"info","message":"db connected"}
{"level":"info","message":"db connected"}
{"level":"info","message":"db connected"}
{"level":"info","message":"db connected"}
{"level":"info","message":"db connected"}
{"level":"info","message":"db connected"}
{"level":"info","message":"db connected"}
{"level":"info","message":"db connected"}
{"level":"info","message":"db connected"}
{"level":"error","message":"Extension not allowed, accepted extensions are png,jpg,jpeg,jpg Extension not allowed, accepted extensions are png,jpg,jpeg,jpg","stack":"Error: Extension not allowed, accepted extensions are png,jpg,jpeg,jpg\n    at fileFilter (E:\\food\\app\\helpers\\multer.ts:27:29)\n    at wrappedFileFilter (E:\\food\\node_modules\\multer\\index.js:44:7)\n    at Multipart.<anonymous> (E:\\food\\node_modules\\multer\\lib\\make-middleware.js:107:7)\n    at Multipart.emit (node:events:514:28)\n    at Multipart.emit (node:domain:488:12)\n    at HeaderParser.cb (E:\\food\\node_modules\\busboy\\lib\\types\\multipart.js:358:14)\n    at HeaderParser.push (E:\\food\\node_modules\\busboy\\lib\\types\\multipart.js:162:20)\n    at SBMH.ssCb [as _cb] (E:\\food\\node_modules\\busboy\\lib\\types\\multipart.js:394:37)\n    at feed (E:\\food\\node_modules\\streamsearch\\lib\\sbmh.js:200:10)\n    at SBMH.push (E:\\food\\node_modules\\streamsearch\\lib\\sbmh.js:104:16)\n    at Multipart._write (E:\\food\\node_modules\\busboy\\lib\\types\\multipart.js:567:19)\n    at writeOrBuffer (node:internal/streams/writable:447:12)\n    at _write (node:internal/streams/writable:389:10)\n    at Multipart.Writable.write (node:internal/streams/writable:393:10)\n    at IncomingMessage.ondata (node:internal/streams/readable:817:22)\n    at IncomingMessage.emit (node:events:514:28)","storageErrors":[]}
{"level":"info","message":"db connected"}
{"level":"info","message":"db connected"}
{"level":"info","message":"db connected"}
{"level":"info","message":"db connected"}
{"level":"info","message":"db connected"}
{"level":"info","message":"db connected"}
{"level":"info","message":"db connected"}
{"level":"info","message":"db connected"}
{"level":"info","message":"db connected"}
{"level":"info","message":"db connected"}
{"level":"info","message":"db connected"}
{"level":"info","message":"db connected"}
{"level":"info","message":"db connected"}
{"level":"error","message":"Cannot set headers after they are sent to the client"}
{"level":"info","message":"db connected"}
{"level":"info","message":"db connected"}
{"level":"info","message":"db connected"}
{"level":"info","message":"db connected"}
{"level":"info","message":"db connected"}
{"level":"info","message":"db connected"}
{"level":"info","message":"db connected"}
{"level":"info","message":"db connected"}
{"level":"info","message":"db connected"}
{"level":"info","message":"db connected"}
{"level":"info","message":"db connected"}
{"level":"info","message":"db connected"}
{"level":"info","message":"db connected"}
{"level":"info","message":"db connected"}
{"level":"info","message":"db connected"}
{"level":"info","message":"db connected"}
{"level":"info","message":"db connected"}
{"level":"info","message":"db connected"}
{"level":"info","message":"db connected"}
{"level":"info","message":"db connected"}
{"level":"info","message":"db connected"}
{"level":"info","message":"db connected"}
{"level":"info","message":"db connected"}
{"level":"info","message":"db connected"}
{"level":"info","message":"db connected"}
{"level":"info","message":"db connected"}
{"level":"info","message":"db connected"}
{"level":"info","message":"db connected"}
{"level":"info","message":"db connected"}
{"level":"info","message":"db connected"}
{"level":"info","message":"db connected"}
{"level":"info","message":"db connected"}
{"level":"info","message":"db connected"}
{"level":"info","message":"db connected"}
{"level":"info","message":"db connected"}
{"level":"info","message":"db connected"}
{"level":"info","message":"db connected"}
{"level":"info","message":"db connected"}
{"level":"info","message":"db connected"}
{"level":"info","message":"db connected"}
{"level":"info","message":"db connected"}
{"level":"info","message":"db connected"}
{"level":"info","message":"db connected"}
{"level":"info","message":"db connected"}
{"level":"info","message":"db connected"}
{"level":"info","message":"db connected"}
{"level":"info","message":"db connected"}
{"level":"info","message":"db connected"}
{"level":"info","message":"db connected"}
{"level":"info","message":"db connected"}
{"level":"info","message":"db connected"}
{"level":"info","message":"db connected"}
{"level":"info","message":"db connected"}
{"level":"info","message":"db connected"}
